<component name="libraryTable">
  <library name="junit-4.10">
    <CLASSES>
      <root url="jar://$PROJECT_DIR$/../../../../programming/apache-maven-3.5.0/repo/junit/junit/4.10/junit-4.10.jar!/" />
    </CLASSES>
    <JAVADOC />
    <SOURCES />
  </library>
</component>